Started GET "/" for 127.0.0.1 at 2017-10-25 10:52:33 -0400
  [1m[35m (0.8ms)[0m  [1m[34mSELECT "schema_migrations"."version" FROM "schema_migrations" ORDER BY "schema_migrations"."version" ASC[0m
Processing by StaticPagesController#root as HTML
  Rendering static_pages/root.html.erb within layouts/application
  Rendered static_pages/root.html.erb within layouts/application (1.3ms)
  [1m[36mUser Load (2.5ms)[0m  [1m[34mSELECT  "users".* FROM "users" WHERE "users"."session_token" IS NULL LIMIT $1[0m  [["LIMIT", 1]]
Completed 200 OK in 2674ms (Views: 2665.8ms | ActiveRecord: 6.8ms)


Started GET "/" for 127.0.0.1 at 2017-10-25 10:53:05 -0400
Processing by StaticPagesController#root as HTML
  Rendering static_pages/root.html.erb within layouts/application
  Rendered static_pages/root.html.erb within layouts/application (0.6ms)
  [1m[36mUser Load (0.5ms)[0m  [1m[34mSELECT  "users".* FROM "users" WHERE "users"."session_token" IS NULL LIMIT $1[0m  [["LIMIT", 1]]
Completed 200 OK in 29ms (Views: 26.6ms | ActiveRecord: 0.5ms)


Started GET "/" for 127.0.0.1 at 2017-10-25 10:53:50 -0400
  [1m[35m (1.1ms)[0m  [1m[34mSELECT "schema_migrations"."version" FROM "schema_migrations" ORDER BY "schema_migrations"."version" ASC[0m
Processing by StaticPagesController#root as HTML
  Rendering static_pages/root.html.erb within layouts/application
  Rendered static_pages/root.html.erb within layouts/application (1.2ms)
  [1m[36mUser Load (1.0ms)[0m  [1m[34mSELECT  "users".* FROM "users" WHERE "users"."session_token" IS NULL LIMIT $1[0m  [["LIMIT", 1]]
Completed 200 OK in 939ms (Views: 933.2ms | ActiveRecord: 3.4ms)


Started GET "/" for 127.0.0.1 at 2017-10-25 10:54:15 -0400
  [1m[35m (0.9ms)[0m  [1m[34mSELECT "schema_migrations"."version" FROM "schema_migrations" ORDER BY "schema_migrations"."version" ASC[0m
Processing by StaticPagesController#root as HTML
  Rendering static_pages/root.html.erb within layouts/application
  Rendered static_pages/root.html.erb within layouts/application (1.2ms)
Completed 500 Internal Server Error in 23ms (ActiveRecord: 0.0ms)



Sprockets::Rails::Helper::AssetNotFound - The asset "application.css" is not present in the asset pipeline.:
  app/views/layouts/application.html.erb:6:in `_app_views_layouts_application_html_erb___171178742817521977_70301604912140'

Started POST "/__better_errors/f014d4fcf1767dbb/variables" for 127.0.0.1 at 2017-10-25 10:54:16 -0400
Started GET "/" for 127.0.0.1 at 2017-10-25 10:55:08 -0400
Processing by StaticPagesController#root as HTML
  Rendering static_pages/root.html.erb within layouts/application
  Rendered static_pages/root.html.erb within layouts/application (0.4ms)
Completed 500 Internal Server Error in 12ms (ActiveRecord: 0.0ms)



Sprockets::Rails::Helper::AssetNotFound - The asset "application.css" is not present in the asset pipeline.:
  app/views/layouts/application.html.erb:6:in `_app_views_layouts_application_html_erb___171178742817521977_70301575686480'

Started POST "/__better_errors/0b49979ae8aacfdb/variables" for 127.0.0.1 at 2017-10-25 10:55:09 -0400
Started GET "/" for 127.0.0.1 at 2017-10-25 10:55:55 -0400
  [1m[35m (1.2ms)[0m  [1m[34mSELECT "schema_migrations"."version" FROM "schema_migrations" ORDER BY "schema_migrations"."version" ASC[0m
Processing by StaticPagesController#root as HTML
  Rendering static_pages/root.html.erb within layouts/application
  Rendered static_pages/root.html.erb within layouts/application (1.6ms)
  [1m[36mUser Load (0.8ms)[0m  [1m[34mSELECT  "users".* FROM "users" WHERE "users"."session_token" IS NULL LIMIT $1[0m  [["LIMIT", 1]]
Completed 200 OK in 958ms (Views: 952.8ms | ActiveRecord: 3.8ms)


Started POST "/api/session" for 127.0.0.1 at 2017-10-25 10:56:46 -0400
Processing by Api::SessionsController#create as JSON
  Parameters: {"user"=>{"username"=>"admin", "password"=>"[FILTERED]"}}
  [1m[36mUser Load (40.6ms)[0m  [1m[34mSELECT  "users".* FROM "users" WHERE "users"."username" = $1 LIMIT $2[0m  [["username", "admin"], ["LIMIT", 1]]
  [1m[35m (11.1ms)[0m  [1m[35mBEGIN[0m
  [1m[36mUser Exists (6.5ms)[0m  [1m[34mSELECT  1 AS one FROM "users" WHERE "users"."username" = $1 AND ("users"."id" != $2) LIMIT $3[0m  [["username", "admin"], ["id", 4], ["LIMIT", 1]]
  [1m[35mSQL (20.5ms)[0m  [1m[33mUPDATE "users" SET "session_token" = $1, "updated_at" = $2 WHERE "users"."id" = $3[0m  [["session_token", "Rm5UV6FyVN8NvrH9Q449Yg"], ["updated_at", "2017-10-25 14:56:46.255510"], ["id", 4]]
  [1m[35m (0.4ms)[0m  [1m[35mCOMMIT[0m
  Rendering api/users/show.json.jbuilder
  Rendered api/users/_user.json.jbuilder (0.6ms)
  Rendered api/users/show.json.jbuilder (6.1ms)
Completed 200 OK in 204ms (Views: 10.7ms | ActiveRecord: 98.6ms)


Started DELETE "/api/session" for 127.0.0.1 at 2017-10-25 10:56:48 -0400
Processing by Api::SessionsController#destroy as JSON
  [1m[36mUser Load (0.4ms)[0m  [1m[34mSELECT  "users".* FROM "users" WHERE "users"."session_token" = $1 LIMIT $2[0m  [["session_token", "Rm5UV6FyVN8NvrH9Q449Yg"], ["LIMIT", 1]]
  [1m[35m (0.2ms)[0m  [1m[35mBEGIN[0m
  [1m[36mUser Exists (0.5ms)[0m  [1m[34mSELECT  1 AS one FROM "users" WHERE "users"."username" = $1 AND ("users"."id" != $2) LIMIT $3[0m  [["username", "admin"], ["id", 4], ["LIMIT", 1]]
  [1m[35mSQL (0.7ms)[0m  [1m[33mUPDATE "users" SET "session_token" = $1, "updated_at" = $2 WHERE "users"."id" = $3[0m  [["session_token", "Bv5zVFIbrqMKteQtgZMtwg"], ["updated_at", "2017-10-25 14:56:48.604557"], ["id", 4]]
  [1m[35m (0.4ms)[0m  [1m[35mCOMMIT[0m
Completed 200 OK in 7ms (Views: 0.2ms | ActiveRecord: 2.1ms)


Started POST "/api/users" for 127.0.0.1 at 2017-10-25 11:07:08 -0400
Processing by Api::UsersController#create as JSON
  Parameters: {"user"=>{"name"=>"", "username"=>"blahblahlbah", "password"=>"[FILTERED]"}}
  [1m[35m (0.2ms)[0m  [1m[35mBEGIN[0m
  [1m[36mUser Exists (0.8ms)[0m  [1m[34mSELECT  1 AS one FROM "users" WHERE "users"."username" = $1 LIMIT $2[0m  [["username", "blahblahlbah"], ["LIMIT", 1]]
  [1m[35m (0.2ms)[0m  [1m[31mROLLBACK[0m
Completed 422 Unprocessable Entity in 83ms (Views: 0.2ms | ActiveRecord: 1.2ms)


Started POST "/api/users" for 127.0.0.1 at 2017-10-25 11:07:11 -0400
Processing by Api::UsersController#create as JSON
  Parameters: {"user"=>{"name"=>"", "username"=>"blahblahlbah", "password"=>"[FILTERED]"}}
  [1m[35m (0.1ms)[0m  [1m[35mBEGIN[0m
  [1m[36mUser Exists (0.4ms)[0m  [1m[34mSELECT  1 AS one FROM "users" WHERE "users"."username" = $1 LIMIT $2[0m  [["username", "blahblahlbah"], ["LIMIT", 1]]
  [1m[35m (0.2ms)[0m  [1m[31mROLLBACK[0m
Completed 422 Unprocessable Entity in 69ms (Views: 0.2ms | ActiveRecord: 0.7ms)


Started GET "/" for 127.0.0.1 at 2017-10-25 11:10:29 -0400
Processing by StaticPagesController#root as HTML
  Rendering static_pages/root.html.erb within layouts/application
  Rendered static_pages/root.html.erb within layouts/application (0.4ms)
  [1m[36mUser Load (0.6ms)[0m  [1m[34mSELECT  "users".* FROM "users" WHERE "users"."session_token" IS NULL LIMIT $1[0m  [["LIMIT", 1]]
Completed 200 OK in 32ms (Views: 29.3ms | ActiveRecord: 0.6ms)


Started GET "/" for 127.0.0.1 at 2017-10-25 11:11:52 -0400
Processing by StaticPagesController#root as HTML
  Rendering static_pages/root.html.erb within layouts/application
  Rendered static_pages/root.html.erb within layouts/application (0.5ms)
  [1m[36mUser Load (2.6ms)[0m  [1m[34mSELECT  "users".* FROM "users" WHERE "users"."session_token" IS NULL LIMIT $1[0m  [["LIMIT", 1]]
Completed 200 OK in 522ms (Views: 516.5ms | ActiveRecord: 2.6ms)


Started POST "/api/session" for 127.0.0.1 at 2017-10-25 11:12:56 -0400
Processing by Api::SessionsController#create as JSON
  Parameters: {"user"=>{"username"=>"aad a", "password"=>"[FILTERED]"}}
  [1m[36mUser Load (0.4ms)[0m  [1m[34mSELECT  "users".* FROM "users" WHERE "users"."username" = $1 LIMIT $2[0m  [["username", "aad a"], ["LIMIT", 1]]
Completed 401 Unauthorized in 2ms (Views: 0.2ms | ActiveRecord: 0.4ms)


Started GET "/" for 127.0.0.1 at 2017-10-25 11:16:49 -0400
Processing by StaticPagesController#root as HTML
  Rendering static_pages/root.html.erb within layouts/application
  Rendered static_pages/root.html.erb within layouts/application (0.3ms)
  [1m[36mUser Load (0.6ms)[0m  [1m[34mSELECT  "users".* FROM "users" WHERE "users"."session_token" IS NULL LIMIT $1[0m  [["LIMIT", 1]]
Completed 200 OK in 366ms (Views: 363.5ms | ActiveRecord: 0.6ms)


Started POST "/api/session" for 127.0.0.1 at 2017-10-25 11:17:01 -0400
Processing by Api::SessionsController#create as JSON
  Parameters: {"user"=>{"username"=>"dceca", "password"=>"[FILTERED]"}}
  [1m[36mUser Load (0.4ms)[0m  [1m[34mSELECT  "users".* FROM "users" WHERE "users"."username" = $1 LIMIT $2[0m  [["username", "dceca"], ["LIMIT", 1]]
Completed 401 Unauthorized in 2ms (Views: 0.2ms | ActiveRecord: 0.4ms)


Started GET "/" for 127.0.0.1 at 2017-10-25 11:17:40 -0400
Processing by StaticPagesController#root as HTML
  Rendering static_pages/root.html.erb within layouts/application
  Rendered static_pages/root.html.erb within layouts/application (0.6ms)
  [1m[36mUser Load (0.3ms)[0m  [1m[34mSELECT  "users".* FROM "users" WHERE "users"."session_token" IS NULL LIMIT $1[0m  [["LIMIT", 1]]
Completed 200 OK in 343ms (Views: 340.2ms | ActiveRecord: 0.3ms)


Started POST "/api/session" for 127.0.0.1 at 2017-10-25 11:17:46 -0400
Processing by Api::SessionsController#create as JSON
  Parameters: {"user"=>{"username"=>"secef", "password"=>"[FILTERED]"}}
  [1m[36mUser Load (0.3ms)[0m  [1m[34mSELECT  "users".* FROM "users" WHERE "users"."username" = $1 LIMIT $2[0m  [["username", "secef"], ["LIMIT", 1]]
Completed 401 Unauthorized in 1ms (Views: 0.2ms | ActiveRecord: 0.3ms)


Started GET "/" for 127.0.0.1 at 2017-10-25 11:20:22 -0400
Processing by StaticPagesController#root as HTML
  Rendering static_pages/root.html.erb within layouts/application
  Rendered static_pages/root.html.erb within layouts/application (0.5ms)
  [1m[36mUser Load (0.4ms)[0m  [1m[34mSELECT  "users".* FROM "users" WHERE "users"."session_token" IS NULL LIMIT $1[0m  [["LIMIT", 1]]
Completed 200 OK in 27ms (Views: 24.9ms | ActiveRecord: 0.4ms)


Started POST "/api/session" for 127.0.0.1 at 2017-10-25 11:20:30 -0400
Processing by Api::SessionsController#create as JSON
  Parameters: {"user"=>{"username"=>"sfesef", "password"=>"[FILTERED]"}}
  [1m[36mUser Load (0.3ms)[0m  [1m[34mSELECT  "users".* FROM "users" WHERE "users"."username" = $1 LIMIT $2[0m  [["username", "sfesef"], ["LIMIT", 1]]
Completed 401 Unauthorized in 2ms (Views: 0.2ms | ActiveRecord: 0.3ms)


Started GET "/" for 127.0.0.1 at 2017-10-25 11:22:36 -0400
Processing by StaticPagesController#root as HTML
  Rendering static_pages/root.html.erb within layouts/application
  Rendered static_pages/root.html.erb within layouts/application (0.5ms)
  [1m[36mUser Load (0.4ms)[0m  [1m[34mSELECT  "users".* FROM "users" WHERE "users"."session_token" IS NULL LIMIT $1[0m  [["LIMIT", 1]]
Completed 200 OK in 404ms (Views: 401.7ms | ActiveRecord: 0.4ms)


Started POST "/api/session" for 127.0.0.1 at 2017-10-25 11:22:42 -0400
Processing by Api::SessionsController#create as JSON
  Parameters: {"user"=>{"username"=>"acacea", "password"=>"[FILTERED]"}}
  [1m[36mUser Load (0.3ms)[0m  [1m[34mSELECT  "users".* FROM "users" WHERE "users"."username" = $1 LIMIT $2[0m  [["username", "acacea"], ["LIMIT", 1]]
Completed 401 Unauthorized in 1ms (Views: 0.2ms | ActiveRecord: 0.3ms)


Started GET "/" for 127.0.0.1 at 2017-10-25 11:23:51 -0400
Processing by StaticPagesController#root as HTML
  Rendering static_pages/root.html.erb within layouts/application
  Rendered static_pages/root.html.erb within layouts/application (0.3ms)
  [1m[36mUser Load (0.4ms)[0m  [1m[34mSELECT  "users".* FROM "users" WHERE "users"."session_token" IS NULL LIMIT $1[0m  [["LIMIT", 1]]
Completed 200 OK in 483ms (Views: 481.2ms | ActiveRecord: 0.4ms)


Started POST "/api/session" for 127.0.0.1 at 2017-10-25 11:24:01 -0400
Processing by Api::SessionsController#create as JSON
  Parameters: {"user"=>{"username"=>"a", "password"=>"[FILTERED]"}}
  [1m[36mUser Load (0.2ms)[0m  [1m[34mSELECT  "users".* FROM "users" WHERE "users"."username" = $1 LIMIT $2[0m  [["username", "a"], ["LIMIT", 1]]
Completed 401 Unauthorized in 2ms (Views: 0.2ms | ActiveRecord: 0.2ms)


Started GET "/" for 127.0.0.1 at 2017-10-25 11:29:24 -0400
Processing by StaticPagesController#root as HTML
  Rendering static_pages/root.html.erb within layouts/application
  Rendered static_pages/root.html.erb within layouts/application (0.6ms)
  [1m[36mUser Load (0.4ms)[0m  [1m[34mSELECT  "users".* FROM "users" WHERE "users"."session_token" IS NULL LIMIT $1[0m  [["LIMIT", 1]]
Completed 200 OK in 425ms (Views: 422.1ms | ActiveRecord: 0.4ms)


Started GET "/" for 127.0.0.1 at 2017-10-25 11:29:38 -0400
Processing by StaticPagesController#root as HTML
  Rendering static_pages/root.html.erb within layouts/application
  Rendered static_pages/root.html.erb within layouts/application (0.5ms)
  [1m[36mUser Load (7.0ms)[0m  [1m[34mSELECT  "users".* FROM "users" WHERE "users"."session_token" IS NULL LIMIT $1[0m  [["LIMIT", 1]]
Completed 200 OK in 36ms (Views: 27.0ms | ActiveRecord: 7.0ms)


Started GET "/" for 127.0.0.1 at 2017-10-25 11:29:55 -0400
Processing by StaticPagesController#root as HTML
  Rendering static_pages/root.html.erb within layouts/application
  Rendered static_pages/root.html.erb within layouts/application (0.5ms)
  [1m[36mUser Load (0.6ms)[0m  [1m[34mSELECT  "users".* FROM "users" WHERE "users"."session_token" IS NULL LIMIT $1[0m  [["LIMIT", 1]]
Completed 200 OK in 340ms (Views: 337.8ms | ActiveRecord: 0.6ms)


Started GET "/" for 127.0.0.1 at 2017-10-25 11:30:23 -0400
Processing by StaticPagesController#root as HTML
  Rendering static_pages/root.html.erb within layouts/application
  Rendered static_pages/root.html.erb within layouts/application (1.0ms)
  [1m[36mUser Load (0.5ms)[0m  [1m[34mSELECT  "users".* FROM "users" WHERE "users"."session_token" IS NULL LIMIT $1[0m  [["LIMIT", 1]]
Completed 200 OK in 349ms (Views: 346.6ms | ActiveRecord: 0.5ms)


Started GET "/" for 127.0.0.1 at 2017-10-25 11:30:49 -0400
Processing by StaticPagesController#root as HTML
  Rendering static_pages/root.html.erb within layouts/application
  Rendered static_pages/root.html.erb within layouts/application (0.5ms)
  [1m[36mUser Load (0.4ms)[0m  [1m[34mSELECT  "users".* FROM "users" WHERE "users"."session_token" IS NULL LIMIT $1[0m  [["LIMIT", 1]]
Completed 200 OK in 350ms (Views: 348.2ms | ActiveRecord: 0.4ms)


Started POST "/api/session" for 127.0.0.1 at 2017-10-25 11:30:58 -0400
Processing by Api::SessionsController#create as JSON
  Parameters: {"user"=>{"username"=>"a", "password"=>"[FILTERED]"}}
  [1m[36mUser Load (0.2ms)[0m  [1m[34mSELECT  "users".* FROM "users" WHERE "users"."username" = $1 LIMIT $2[0m  [["username", "a"], ["LIMIT", 1]]
Completed 401 Unauthorized in 1ms (Views: 0.2ms | ActiveRecord: 0.2ms)


Started GET "/" for 127.0.0.1 at 2017-10-25 12:48:25 -0400
Processing by StaticPagesController#root as HTML
  Rendering static_pages/root.html.erb within layouts/application
  Rendered static_pages/root.html.erb within layouts/application (2.1ms)
  [1m[36mUser Load (0.8ms)[0m  [1m[34mSELECT  "users".* FROM "users" WHERE "users"."session_token" IS NULL LIMIT $1[0m  [["LIMIT", 1]]
Completed 200 OK in 675ms (Views: 668.9ms | ActiveRecord: 0.8ms)


Started GET "/" for 127.0.0.1 at 2017-10-25 12:52:07 -0400
Processing by StaticPagesController#root as HTML
  Rendering static_pages/root.html.erb within layouts/application
  Rendered static_pages/root.html.erb within layouts/application (0.4ms)
  [1m[36mUser Load (1.0ms)[0m  [1m[34mSELECT  "users".* FROM "users" WHERE "users"."session_token" IS NULL LIMIT $1[0m  [["LIMIT", 1]]
Completed 200 OK in 107ms (Views: 103.8ms | ActiveRecord: 1.0ms)


Started GET "/" for 127.0.0.1 at 2017-10-25 12:52:21 -0400
Processing by StaticPagesController#root as HTML
  Rendering static_pages/root.html.erb within layouts/application
  Rendered static_pages/root.html.erb within layouts/application (0.4ms)
  [1m[36mUser Load (0.3ms)[0m  [1m[34mSELECT  "users".* FROM "users" WHERE "users"."session_token" IS NULL LIMIT $1[0m  [["LIMIT", 1]]
Completed 200 OK in 39ms (Views: 36.8ms | ActiveRecord: 0.3ms)


Started GET "/" for 127.0.0.1 at 2017-10-25 14:17:15 -0400
Processing by StaticPagesController#root as HTML
  Rendering static_pages/root.html.erb within layouts/application
  Rendered static_pages/root.html.erb within layouts/application (3.1ms)
  [1m[36mUser Load (1.9ms)[0m  [1m[34mSELECT  "users".* FROM "users" WHERE "users"."session_token" IS NULL LIMIT $1[0m  [["LIMIT", 1]]
Completed 200 OK in 306ms (Views: 300.4ms | ActiveRecord: 1.9ms)


Started GET "/" for 127.0.0.1 at 2017-10-25 14:20:35 -0400
Processing by StaticPagesController#root as HTML
  Rendering static_pages/root.html.erb within layouts/application
  Rendered static_pages/root.html.erb within layouts/application (0.5ms)
  [1m[36mUser Load (0.7ms)[0m  [1m[34mSELECT  "users".* FROM "users" WHERE "users"."session_token" IS NULL LIMIT $1[0m  [["LIMIT", 1]]
Completed 200 OK in 561ms (Views: 558.6ms | ActiveRecord: 0.7ms)


Started GET "/" for 127.0.0.1 at 2017-10-25 14:20:51 -0400
Processing by StaticPagesController#root as HTML
  Rendering static_pages/root.html.erb within layouts/application
  Rendered static_pages/root.html.erb within layouts/application (0.3ms)
  [1m[36mUser Load (1.0ms)[0m  [1m[34mSELECT  "users".* FROM "users" WHERE "users"."session_token" IS NULL LIMIT $1[0m  [["LIMIT", 1]]
Completed 200 OK in 393ms (Views: 391.2ms | ActiveRecord: 1.0ms)


Started GET "/" for 127.0.0.1 at 2017-10-25 14:21:51 -0400
Processing by StaticPagesController#root as HTML
  Rendering static_pages/root.html.erb within layouts/application
  Rendered static_pages/root.html.erb within layouts/application (0.4ms)
  [1m[36mUser Load (0.6ms)[0m  [1m[34mSELECT  "users".* FROM "users" WHERE "users"."session_token" IS NULL LIMIT $1[0m  [["LIMIT", 1]]
Completed 200 OK in 394ms (Views: 391.6ms | ActiveRecord: 0.6ms)


Started GET "/" for 127.0.0.1 at 2017-10-25 14:22:03 -0400
Processing by StaticPagesController#root as HTML
  Rendering static_pages/root.html.erb within layouts/application
  Rendered static_pages/root.html.erb within layouts/application (0.5ms)
  [1m[36mUser Load (0.5ms)[0m  [1m[34mSELECT  "users".* FROM "users" WHERE "users"."session_token" IS NULL LIMIT $1[0m  [["LIMIT", 1]]
Completed 200 OK in 346ms (Views: 344.6ms | ActiveRecord: 0.5ms)


Started GET "/" for 127.0.0.1 at 2017-10-25 14:23:00 -0400
Processing by StaticPagesController#root as HTML
  Rendering static_pages/root.html.erb within layouts/application
  Rendered static_pages/root.html.erb within layouts/application (0.4ms)
  [1m[36mUser Load (0.6ms)[0m  [1m[34mSELECT  "users".* FROM "users" WHERE "users"."session_token" IS NULL LIMIT $1[0m  [["LIMIT", 1]]
Completed 200 OK in 83ms (Views: 81.0ms | ActiveRecord: 0.6ms)


Started GET "/" for 127.0.0.1 at 2017-10-25 14:23:03 -0400
Processing by StaticPagesController#root as HTML
  Rendering static_pages/root.html.erb within layouts/application
  Rendered static_pages/root.html.erb within layouts/application (0.4ms)
  [1m[36mUser Load (0.4ms)[0m  [1m[34mSELECT  "users".* FROM "users" WHERE "users"."session_token" IS NULL LIMIT $1[0m  [["LIMIT", 1]]
Completed 200 OK in 24ms (Views: 21.6ms | ActiveRecord: 0.4ms)


Started GET "/" for 127.0.0.1 at 2017-10-25 14:23:49 -0400
Processing by StaticPagesController#root as HTML
  Rendering static_pages/root.html.erb within layouts/application
  Rendered static_pages/root.html.erb within layouts/application (0.3ms)
  [1m[36mUser Load (0.5ms)[0m  [1m[34mSELECT  "users".* FROM "users" WHERE "users"."session_token" IS NULL LIMIT $1[0m  [["LIMIT", 1]]
Completed 200 OK in 107ms (Views: 104.0ms | ActiveRecord: 0.5ms)


Started GET "/" for 127.0.0.1 at 2017-10-25 14:24:08 -0400
Processing by StaticPagesController#root as HTML
  Rendering static_pages/root.html.erb within layouts/application
  Rendered static_pages/root.html.erb within layouts/application (0.3ms)
  [1m[36mUser Load (0.7ms)[0m  [1m[34mSELECT  "users".* FROM "users" WHERE "users"."session_token" IS NULL LIMIT $1[0m  [["LIMIT", 1]]
Completed 200 OK in 78ms (Views: 75.7ms | ActiveRecord: 0.7ms)


Started GET "/" for 127.0.0.1 at 2017-10-25 14:24:24 -0400
Processing by StaticPagesController#root as HTML
  Rendering static_pages/root.html.erb within layouts/application
  Rendered static_pages/root.html.erb within layouts/application (0.4ms)
  [1m[36mUser Load (0.6ms)[0m  [1m[34mSELECT  "users".* FROM "users" WHERE "users"."session_token" IS NULL LIMIT $1[0m  [["LIMIT", 1]]
Completed 200 OK in 345ms (Views: 342.2ms | ActiveRecord: 0.6ms)


Started GET "/" for 127.0.0.1 at 2017-10-25 14:24:40 -0400
Processing by StaticPagesController#root as HTML
  Rendering static_pages/root.html.erb within layouts/application
  Rendered static_pages/root.html.erb within layouts/application (0.4ms)
  [1m[36mUser Load (0.4ms)[0m  [1m[34mSELECT  "users".* FROM "users" WHERE "users"."session_token" IS NULL LIMIT $1[0m  [["LIMIT", 1]]
Completed 200 OK in 101ms (Views: 98.2ms | ActiveRecord: 0.4ms)


Started GET "/" for 127.0.0.1 at 2017-10-25 14:25:15 -0400
Processing by StaticPagesController#root as HTML
  Rendering static_pages/root.html.erb within layouts/application
  Rendered static_pages/root.html.erb within layouts/application (0.4ms)
  [1m[36mUser Load (0.4ms)[0m  [1m[34mSELECT  "users".* FROM "users" WHERE "users"."session_token" IS NULL LIMIT $1[0m  [["LIMIT", 1]]
Completed 200 OK in 103ms (Views: 100.6ms | ActiveRecord: 0.4ms)


Started GET "/" for 127.0.0.1 at 2017-10-25 14:25:28 -0400
Processing by StaticPagesController#root as HTML
  Rendering static_pages/root.html.erb within layouts/application
  Rendered static_pages/root.html.erb within layouts/application (0.5ms)
  [1m[36mUser Load (0.6ms)[0m  [1m[34mSELECT  "users".* FROM "users" WHERE "users"."session_token" IS NULL LIMIT $1[0m  [["LIMIT", 1]]
Completed 200 OK in 105ms (Views: 102.0ms | ActiveRecord: 0.6ms)


Started GET "/" for 127.0.0.1 at 2017-10-25 14:25:56 -0400
Processing by StaticPagesController#root as HTML
  Rendering static_pages/root.html.erb within layouts/application
  Rendered static_pages/root.html.erb within layouts/application (0.3ms)
  [1m[36mUser Load (0.4ms)[0m  [1m[34mSELECT  "users".* FROM "users" WHERE "users"."session_token" IS NULL LIMIT $1[0m  [["LIMIT", 1]]
Completed 200 OK in 84ms (Views: 82.1ms | ActiveRecord: 0.4ms)


Started GET "/" for 127.0.0.1 at 2017-10-25 14:26:18 -0400
Processing by StaticPagesController#root as HTML
  Rendering static_pages/root.html.erb within layouts/application
  Rendered static_pages/root.html.erb within layouts/application (0.3ms)
  [1m[36mUser Load (0.5ms)[0m  [1m[34mSELECT  "users".* FROM "users" WHERE "users"."session_token" IS NULL LIMIT $1[0m  [["LIMIT", 1]]
Completed 200 OK in 73ms (Views: 71.1ms | ActiveRecord: 0.5ms)


Started GET "/" for 127.0.0.1 at 2017-10-25 14:26:44 -0400
Processing by StaticPagesController#root as HTML
  Rendering static_pages/root.html.erb within layouts/application
  Rendered static_pages/root.html.erb within layouts/application (0.4ms)
  [1m[36mUser Load (0.4ms)[0m  [1m[34mSELECT  "users".* FROM "users" WHERE "users"."session_token" IS NULL LIMIT $1[0m  [["LIMIT", 1]]
Completed 200 OK in 90ms (Views: 87.3ms | ActiveRecord: 0.4ms)


Started GET "/" for 127.0.0.1 at 2017-10-25 14:27:08 -0400
Processing by StaticPagesController#root as HTML
  Rendering static_pages/root.html.erb within layouts/application
  Rendered static_pages/root.html.erb within layouts/application (0.4ms)
  [1m[36mUser Load (0.4ms)[0m  [1m[34mSELECT  "users".* FROM "users" WHERE "users"."session_token" IS NULL LIMIT $1[0m  [["LIMIT", 1]]
Completed 200 OK in 77ms (Views: 75.2ms | ActiveRecord: 0.4ms)


Started GET "/" for 127.0.0.1 at 2017-10-25 14:27:15 -0400
Processing by StaticPagesController#root as HTML
  Rendering static_pages/root.html.erb within layouts/application
  Rendered static_pages/root.html.erb within layouts/application (0.3ms)
  [1m[36mUser Load (3.4ms)[0m  [1m[34mSELECT  "users".* FROM "users" WHERE "users"."session_token" IS NULL LIMIT $1[0m  [["LIMIT", 1]]
Completed 200 OK in 108ms (Views: 102.8ms | ActiveRecord: 3.4ms)


Started GET "/" for 127.0.0.1 at 2017-10-25 14:27:24 -0400
Processing by StaticPagesController#root as HTML
  Rendering static_pages/root.html.erb within layouts/application
  Rendered static_pages/root.html.erb within layouts/application (0.5ms)
  [1m[36mUser Load (0.6ms)[0m  [1m[34mSELECT  "users".* FROM "users" WHERE "users"."session_token" IS NULL LIMIT $1[0m  [["LIMIT", 1]]
Completed 200 OK in 78ms (Views: 75.0ms | ActiveRecord: 0.6ms)


Started GET "/" for 127.0.0.1 at 2017-10-25 14:27:33 -0400
Processing by StaticPagesController#root as HTML
  Rendering static_pages/root.html.erb within layouts/application
  Rendered static_pages/root.html.erb within layouts/application (0.3ms)
  [1m[36mUser Load (0.5ms)[0m  [1m[34mSELECT  "users".* FROM "users" WHERE "users"."session_token" IS NULL LIMIT $1[0m  [["LIMIT", 1]]
Completed 200 OK in 254ms (Views: 252.0ms | ActiveRecord: 0.5ms)


Started GET "/" for 127.0.0.1 at 2017-10-25 14:30:01 -0400
Processing by StaticPagesController#root as HTML
  Rendering static_pages/root.html.erb within layouts/application
  Rendered static_pages/root.html.erb within layouts/application (0.4ms)
  [1m[36mUser Load (0.5ms)[0m  [1m[34mSELECT  "users".* FROM "users" WHERE "users"."session_token" IS NULL LIMIT $1[0m  [["LIMIT", 1]]
Completed 200 OK in 113ms (Views: 111.4ms | ActiveRecord: 0.5ms)


Started GET "/" for 127.0.0.1 at 2017-10-25 14:30:10 -0400
Processing by StaticPagesController#root as HTML
  Rendering static_pages/root.html.erb within layouts/application
  Rendered static_pages/root.html.erb within layouts/application (0.3ms)
  [1m[36mUser Load (0.5ms)[0m  [1m[34mSELECT  "users".* FROM "users" WHERE "users"."session_token" IS NULL LIMIT $1[0m  [["LIMIT", 1]]
Completed 200 OK in 77ms (Views: 74.8ms | ActiveRecord: 0.5ms)


Started GET "/" for 127.0.0.1 at 2017-10-25 14:30:15 -0400
Processing by StaticPagesController#root as HTML
  Rendering static_pages/root.html.erb within layouts/application
  Rendered static_pages/root.html.erb within layouts/application (1.1ms)
  [1m[36mUser Load (0.4ms)[0m  [1m[34mSELECT  "users".* FROM "users" WHERE "users"."session_token" IS NULL LIMIT $1[0m  [["LIMIT", 1]]
Completed 200 OK in 30ms (Views: 27.1ms | ActiveRecord: 0.4ms)


Started GET "/" for 127.0.0.1 at 2017-10-25 14:30:41 -0400
Processing by StaticPagesController#root as HTML
  Rendering static_pages/root.html.erb within layouts/application
  Rendered static_pages/root.html.erb within layouts/application (0.4ms)
  [1m[36mUser Load (0.8ms)[0m  [1m[34mSELECT  "users".* FROM "users" WHERE "users"."session_token" IS NULL LIMIT $1[0m  [["LIMIT", 1]]
Completed 200 OK in 96ms (Views: 93.4ms | ActiveRecord: 0.8ms)


Started GET "/" for 127.0.0.1 at 2017-10-25 14:31:19 -0400
Processing by StaticPagesController#root as HTML
  Rendering static_pages/root.html.erb within layouts/application
  Rendered static_pages/root.html.erb within layouts/application (0.5ms)
  [1m[36mUser Load (0.6ms)[0m  [1m[34mSELECT  "users".* FROM "users" WHERE "users"."session_token" IS NULL LIMIT $1[0m  [["LIMIT", 1]]
Completed 200 OK in 95ms (Views: 93.3ms | ActiveRecord: 0.6ms)


Started GET "/" for 127.0.0.1 at 2017-10-25 14:31:34 -0400
Processing by StaticPagesController#root as HTML
  Rendering static_pages/root.html.erb within layouts/application
  Rendered static_pages/root.html.erb within layouts/application (0.9ms)
  [1m[36mUser Load (0.3ms)[0m  [1m[34mSELECT  "users".* FROM "users" WHERE "users"."session_token" IS NULL LIMIT $1[0m  [["LIMIT", 1]]
Completed 200 OK in 30ms (Views: 27.9ms | ActiveRecord: 0.3ms)


Started GET "/" for 127.0.0.1 at 2017-10-25 14:34:36 -0400
Processing by StaticPagesController#root as HTML
  Rendering static_pages/root.html.erb within layouts/application
  Rendered static_pages/root.html.erb within layouts/application (0.3ms)
  [1m[36mUser Load (0.6ms)[0m  [1m[34mSELECT  "users".* FROM "users" WHERE "users"."session_token" IS NULL LIMIT $1[0m  [["LIMIT", 1]]
Completed 200 OK in 403ms (Views: 400.8ms | ActiveRecord: 0.6ms)


Started GET "/" for 127.0.0.1 at 2017-10-25 14:36:47 -0400
Processing by StaticPagesController#root as HTML
  Rendering static_pages/root.html.erb within layouts/application
  Rendered static_pages/root.html.erb within layouts/application (0.4ms)
  [1m[36mUser Load (0.5ms)[0m  [1m[34mSELECT  "users".* FROM "users" WHERE "users"."session_token" IS NULL LIMIT $1[0m  [["LIMIT", 1]]
Completed 200 OK in 107ms (Views: 105.1ms | ActiveRecord: 0.5ms)


Started GET "/" for 127.0.0.1 at 2017-10-25 14:39:22 -0400
Processing by StaticPagesController#root as HTML
  Rendering static_pages/root.html.erb within layouts/application
  Rendered static_pages/root.html.erb within layouts/application (0.6ms)
  [1m[36mUser Load (0.5ms)[0m  [1m[34mSELECT  "users".* FROM "users" WHERE "users"."session_token" IS NULL LIMIT $1[0m  [["LIMIT", 1]]
Completed 200 OK in 85ms (Views: 83.8ms | ActiveRecord: 0.5ms)


Started GET "/" for 127.0.0.1 at 2017-10-25 14:39:55 -0400
Processing by StaticPagesController#root as HTML
  Rendering static_pages/root.html.erb within layouts/application
  Rendered static_pages/root.html.erb within layouts/application (0.3ms)
  [1m[36mUser Load (0.5ms)[0m  [1m[34mSELECT  "users".* FROM "users" WHERE "users"."session_token" IS NULL LIMIT $1[0m  [["LIMIT", 1]]
Completed 200 OK in 392ms (Views: 389.9ms | ActiveRecord: 0.5ms)


Started GET "/" for 127.0.0.1 at 2017-10-25 14:40:10 -0400
Processing by StaticPagesController#root as HTML
  Rendering static_pages/root.html.erb within layouts/application
  Rendered static_pages/root.html.erb within layouts/application (0.5ms)
  [1m[36mUser Load (0.6ms)[0m  [1m[34mSELECT  "users".* FROM "users" WHERE "users"."session_token" IS NULL LIMIT $1[0m  [["LIMIT", 1]]
Completed 200 OK in 81ms (Views: 79.5ms | ActiveRecord: 0.6ms)


Started GET "/" for 127.0.0.1 at 2017-10-25 14:41:49 -0400
Processing by StaticPagesController#root as HTML
  Rendering static_pages/root.html.erb within layouts/application
  Rendered static_pages/root.html.erb within layouts/application (0.3ms)
  [1m[36mUser Load (0.5ms)[0m  [1m[34mSELECT  "users".* FROM "users" WHERE "users"."session_token" IS NULL LIMIT $1[0m  [["LIMIT", 1]]
Completed 200 OK in 77ms (Views: 75.2ms | ActiveRecord: 0.5ms)


Started GET "/" for 127.0.0.1 at 2017-10-25 14:42:00 -0400
Processing by StaticPagesController#root as HTML
  Rendering static_pages/root.html.erb within layouts/application
  Rendered static_pages/root.html.erb within layouts/application (0.5ms)
  [1m[36mUser Load (0.7ms)[0m  [1m[34mSELECT  "users".* FROM "users" WHERE "users"."session_token" IS NULL LIMIT $1[0m  [["LIMIT", 1]]
Completed 200 OK in 84ms (Views: 81.8ms | ActiveRecord: 0.7ms)


Started GET "/" for 127.0.0.1 at 2017-10-25 14:42:25 -0400
Processing by StaticPagesController#root as HTML
  Rendering static_pages/root.html.erb within layouts/application
  Rendered static_pages/root.html.erb within layouts/application (0.4ms)
  [1m[36mUser Load (0.6ms)[0m  [1m[34mSELECT  "users".* FROM "users" WHERE "users"."session_token" IS NULL LIMIT $1[0m  [["LIMIT", 1]]
Completed 200 OK in 83ms (Views: 81.3ms | ActiveRecord: 0.6ms)


Started GET "/" for 127.0.0.1 at 2017-10-25 14:42:44 -0400
Processing by StaticPagesController#root as HTML
  Rendering static_pages/root.html.erb within layouts/application
  Rendered static_pages/root.html.erb within layouts/application (0.3ms)
  [1m[36mUser Load (0.6ms)[0m  [1m[34mSELECT  "users".* FROM "users" WHERE "users"."session_token" IS NULL LIMIT $1[0m  [["LIMIT", 1]]
Completed 200 OK in 78ms (Views: 76.6ms | ActiveRecord: 0.6ms)


Started GET "/" for 127.0.0.1 at 2017-10-25 14:42:56 -0400
Processing by StaticPagesController#root as HTML
  Rendering static_pages/root.html.erb within layouts/application
  Rendered static_pages/root.html.erb within layouts/application (0.4ms)
  [1m[36mUser Load (0.7ms)[0m  [1m[34mSELECT  "users".* FROM "users" WHERE "users"."session_token" IS NULL LIMIT $1[0m  [["LIMIT", 1]]
Completed 200 OK in 76ms (Views: 74.7ms | ActiveRecord: 0.7ms)


Started GET "/" for 127.0.0.1 at 2017-10-25 15:03:48 -0400
Processing by StaticPagesController#root as HTML
  Rendering static_pages/root.html.erb within layouts/application
  Rendered static_pages/root.html.erb within layouts/application (0.3ms)
  [1m[36mUser Load (0.5ms)[0m  [1m[34mSELECT  "users".* FROM "users" WHERE "users"."session_token" IS NULL LIMIT $1[0m  [["LIMIT", 1]]
Completed 200 OK in 475ms (Views: 471.9ms | ActiveRecord: 0.5ms)


Started GET "/" for 127.0.0.1 at 2017-10-25 15:05:14 -0400
Processing by StaticPagesController#root as HTML
  Rendering static_pages/root.html.erb within layouts/application
  Rendered static_pages/root.html.erb within layouts/application (0.4ms)
  [1m[36mUser Load (0.5ms)[0m  [1m[34mSELECT  "users".* FROM "users" WHERE "users"."session_token" IS NULL LIMIT $1[0m  [["LIMIT", 1]]
Completed 200 OK in 90ms (Views: 88.1ms | ActiveRecord: 0.5ms)


Started GET "/" for 127.0.0.1 at 2017-10-25 15:05:19 -0400
Processing by StaticPagesController#root as HTML
  Rendering static_pages/root.html.erb within layouts/application
  Rendered static_pages/root.html.erb within layouts/application (0.3ms)
  [1m[36mUser Load (0.4ms)[0m  [1m[34mSELECT  "users".* FROM "users" WHERE "users"."session_token" IS NULL LIMIT $1[0m  [["LIMIT", 1]]
Completed 200 OK in 29ms (Views: 27.3ms | ActiveRecord: 0.4ms)


Started GET "/" for 127.0.0.1 at 2017-10-25 15:06:11 -0400
Processing by StaticPagesController#root as HTML
  Rendering static_pages/root.html.erb within layouts/application
  Rendered static_pages/root.html.erb within layouts/application (1.0ms)
  [1m[36mUser Load (0.5ms)[0m  [1m[34mSELECT  "users".* FROM "users" WHERE "users"."session_token" IS NULL LIMIT $1[0m  [["LIMIT", 1]]
Completed 200 OK in 502ms (Views: 499.0ms | ActiveRecord: 0.5ms)


Started GET "/" for 127.0.0.1 at 2017-10-25 15:06:50 -0400
Processing by StaticPagesController#root as HTML
  Rendering static_pages/root.html.erb within layouts/application
  Rendered static_pages/root.html.erb within layouts/application (0.5ms)
  [1m[36mUser Load (0.6ms)[0m  [1m[34mSELECT  "users".* FROM "users" WHERE "users"."session_token" IS NULL LIMIT $1[0m  [["LIMIT", 1]]
Completed 200 OK in 52ms (Views: 46.9ms | ActiveRecord: 0.6ms)


Started GET "/" for 127.0.0.1 at 2017-10-25 15:06:58 -0400
Processing by StaticPagesController#root as HTML
  Rendering static_pages/root.html.erb within layouts/application
  Rendered static_pages/root.html.erb within layouts/application (0.5ms)
  [1m[36mUser Load (0.3ms)[0m  [1m[34mSELECT  "users".* FROM "users" WHERE "users"."session_token" IS NULL LIMIT $1[0m  [["LIMIT", 1]]
Completed 200 OK in 31ms (Views: 28.0ms | ActiveRecord: 0.3ms)


Started GET "/" for 127.0.0.1 at 2017-10-25 15:07:09 -0400
Processing by StaticPagesController#root as HTML
  Rendering static_pages/root.html.erb within layouts/application
  Rendered static_pages/root.html.erb within layouts/application (0.5ms)
  [1m[36mUser Load (0.5ms)[0m  [1m[34mSELECT  "users".* FROM "users" WHERE "users"."session_token" IS NULL LIMIT $1[0m  [["LIMIT", 1]]
Completed 200 OK in 117ms (Views: 115.5ms | ActiveRecord: 0.5ms)


Started GET "/" for 127.0.0.1 at 2017-10-25 15:07:36 -0400
Processing by StaticPagesController#root as HTML
  Rendering static_pages/root.html.erb within layouts/application
  Rendered static_pages/root.html.erb within layouts/application (0.7ms)
  [1m[36mUser Load (0.6ms)[0m  [1m[34mSELECT  "users".* FROM "users" WHERE "users"."session_token" IS NULL LIMIT $1[0m  [["LIMIT", 1]]
Completed 200 OK in 141ms (Views: 138.6ms | ActiveRecord: 0.6ms)


Started GET "/" for 127.0.0.1 at 2017-10-25 15:07:40 -0400
Processing by StaticPagesController#root as HTML
  Rendering static_pages/root.html.erb within layouts/application
  Rendered static_pages/root.html.erb within layouts/application (0.3ms)
  [1m[36mUser Load (0.4ms)[0m  [1m[34mSELECT  "users".* FROM "users" WHERE "users"."session_token" IS NULL LIMIT $1[0m  [["LIMIT", 1]]
Completed 200 OK in 29ms (Views: 27.1ms | ActiveRecord: 0.4ms)


Started GET "/" for 127.0.0.1 at 2017-10-25 15:07:48 -0400
Processing by StaticPagesController#root as HTML
  Rendering static_pages/root.html.erb within layouts/application
  Rendered static_pages/root.html.erb within layouts/application (0.3ms)
  [1m[36mUser Load (10.8ms)[0m  [1m[34mSELECT  "users".* FROM "users" WHERE "users"."session_token" IS NULL LIMIT $1[0m  [["LIMIT", 1]]
Completed 200 OK in 112ms (Views: 100.0ms | ActiveRecord: 10.8ms)


Started GET "/" for 127.0.0.1 at 2017-10-25 15:08:34 -0400
Processing by StaticPagesController#root as HTML
  Rendering static_pages/root.html.erb within layouts/application
  Rendered static_pages/root.html.erb within layouts/application (0.4ms)
  [1m[36mUser Load (0.5ms)[0m  [1m[34mSELECT  "users".* FROM "users" WHERE "users"."session_token" IS NULL LIMIT $1[0m  [["LIMIT", 1]]
Completed 200 OK in 81ms (Views: 78.5ms | ActiveRecord: 0.5ms)


Started GET "/" for 127.0.0.1 at 2017-10-25 15:08:48 -0400
Processing by StaticPagesController#root as HTML
  Rendering static_pages/root.html.erb within layouts/application
  Rendered static_pages/root.html.erb within layouts/application (0.8ms)
  [1m[36mUser Load (0.6ms)[0m  [1m[34mSELECT  "users".* FROM "users" WHERE "users"."session_token" IS NULL LIMIT $1[0m  [["LIMIT", 1]]
Completed 200 OK in 85ms (Views: 83.1ms | ActiveRecord: 0.6ms)


Started GET "/" for 127.0.0.1 at 2017-10-25 15:10:39 -0400
Processing by StaticPagesController#root as HTML
  Rendering static_pages/root.html.erb within layouts/application
  Rendered static_pages/root.html.erb within layouts/application (0.4ms)
  [1m[36mUser Load (0.4ms)[0m  [1m[34mSELECT  "users".* FROM "users" WHERE "users"."session_token" IS NULL LIMIT $1[0m  [["LIMIT", 1]]
Completed 200 OK in 30ms (Views: 28.1ms | ActiveRecord: 0.4ms)


Started GET "/" for 127.0.0.1 at 2017-10-25 15:11:20 -0400
Processing by StaticPagesController#root as HTML
  Rendering static_pages/root.html.erb within layouts/application
  Rendered static_pages/root.html.erb within layouts/application (0.8ms)
  [1m[36mUser Load (0.5ms)[0m  [1m[34mSELECT  "users".* FROM "users" WHERE "users"."session_token" IS NULL LIMIT $1[0m  [["LIMIT", 1]]
Completed 200 OK in 527ms (Views: 524.9ms | ActiveRecord: 0.5ms)


Started GET "/" for 127.0.0.1 at 2017-10-25 15:11:54 -0400
Processing by StaticPagesController#root as HTML
  Rendering static_pages/root.html.erb within layouts/application
  Rendered static_pages/root.html.erb within layouts/application (0.5ms)
  [1m[36mUser Load (0.4ms)[0m  [1m[34mSELECT  "users".* FROM "users" WHERE "users"."session_token" IS NULL LIMIT $1[0m  [["LIMIT", 1]]
Completed 200 OK in 345ms (Views: 343.6ms | ActiveRecord: 0.4ms)


Started GET "/" for 127.0.0.1 at 2017-10-25 15:12:16 -0400
Processing by StaticPagesController#root as HTML
  Rendering static_pages/root.html.erb within layouts/application
  Rendered static_pages/root.html.erb within layouts/application (0.4ms)
  [1m[36mUser Load (0.5ms)[0m  [1m[34mSELECT  "users".* FROM "users" WHERE "users"."session_token" IS NULL LIMIT $1[0m  [["LIMIT", 1]]
Completed 200 OK in 103ms (Views: 101.6ms | ActiveRecord: 0.5ms)


Started GET "/" for 127.0.0.1 at 2017-10-25 15:12:25 -0400
Processing by StaticPagesController#root as HTML
  Rendering static_pages/root.html.erb within layouts/application
  Rendered static_pages/root.html.erb within layouts/application (0.3ms)
  [1m[36mUser Load (0.3ms)[0m  [1m[34mSELECT  "users".* FROM "users" WHERE "users"."session_token" IS NULL LIMIT $1[0m  [["LIMIT", 1]]
Completed 200 OK in 25ms (Views: 23.4ms | ActiveRecord: 0.3ms)


Started GET "/" for 127.0.0.1 at 2017-10-25 15:12:29 -0400
Processing by StaticPagesController#root as HTML
  Rendering static_pages/root.html.erb within layouts/application
  Rendered static_pages/root.html.erb within layouts/application (0.4ms)
  [1m[36mUser Load (0.3ms)[0m  [1m[34mSELECT  "users".* FROM "users" WHERE "users"."session_token" IS NULL LIMIT $1[0m  [["LIMIT", 1]]
Completed 200 OK in 23ms (Views: 21.7ms | ActiveRecord: 0.3ms)


Started GET "/" for 127.0.0.1 at 2017-10-25 15:13:46 -0400
Processing by StaticPagesController#root as HTML
  Rendering static_pages/root.html.erb within layouts/application
  Rendered static_pages/root.html.erb within layouts/application (0.9ms)
  [1m[36mUser Load (0.5ms)[0m  [1m[34mSELECT  "users".* FROM "users" WHERE "users"."session_token" IS NULL LIMIT $1[0m  [["LIMIT", 1]]
Completed 200 OK in 94ms (Views: 91.7ms | ActiveRecord: 0.5ms)


Started GET "/" for 127.0.0.1 at 2017-10-25 15:14:11 -0400
Processing by StaticPagesController#root as HTML
  Rendering static_pages/root.html.erb within layouts/application
  Rendered static_pages/root.html.erb within layouts/application (0.6ms)
  [1m[36mUser Load (0.7ms)[0m  [1m[34mSELECT  "users".* FROM "users" WHERE "users"."session_token" IS NULL LIMIT $1[0m  [["LIMIT", 1]]
Completed 200 OK in 96ms (Views: 93.6ms | ActiveRecord: 0.7ms)


Started POST "/api/session" for 127.0.0.1 at 2017-10-25 15:14:35 -0400
Processing by Api::SessionsController#create as JSON
  Parameters: {"user"=>{"username"=>"f", "password"=>"[FILTERED]"}}
  [1m[36mUser Load (1.9ms)[0m  [1m[34mSELECT  "users".* FROM "users" WHERE "users"."username" = $1 LIMIT $2[0m  [["username", "f"], ["LIMIT", 1]]
Completed 401 Unauthorized in 3ms (Views: 0.2ms | ActiveRecord: 1.9ms)


Started GET "/" for 127.0.0.1 at 2017-10-25 15:14:37 -0400
Processing by StaticPagesController#root as HTML
  Rendering static_pages/root.html.erb within layouts/application
  Rendered static_pages/root.html.erb within layouts/application (0.6ms)
  [1m[36mUser Load (0.5ms)[0m  [1m[34mSELECT  "users".* FROM "users" WHERE "users"."session_token" IS NULL LIMIT $1[0m  [["LIMIT", 1]]
Completed 200 OK in 24ms (Views: 22.5ms | ActiveRecord: 0.5ms)


Started POST "/api/session" for 127.0.0.1 at 2017-10-25 15:14:47 -0400
Processing by Api::SessionsController#create as JSON
  Parameters: {"user"=>{"username"=>"a", "password"=>"[FILTERED]"}}
  [1m[36mUser Load (0.2ms)[0m  [1m[34mSELECT  "users".* FROM "users" WHERE "users"."username" = $1 LIMIT $2[0m  [["username", "a"], ["LIMIT", 1]]
Completed 401 Unauthorized in 1ms (Views: 0.1ms | ActiveRecord: 0.2ms)


